<?xml version="1.0" encoding="UTF-8"?>
<testng-results ignored="0" total="2" passed="2" failed="0" skipped="0">
  <reporter-output>
    <line>
      <![CDATA[Execute in Grid:no]]>
    </line>
    <line>
      <![CDATA[Browser is:chrome]]>
    </line>
    <line>
      <![CDATA[Set ITO:10]]>
    </line>
    <line>
      <![CDATA[Enter the URL:https://opensource-demo.orangehrmlive.com/]]>
    </line>
    <line>
      <![CDATA[Maximize the browser]]>
    </line>
    <line>
      <![CDATA[Set ETO:9]]>
    </line>
    <line>
      <![CDATA[Close the browser]]>
    </line>
    <line>
      <![CDATA[Execute in Grid:no]]>
    </line>
    <line>
      <![CDATA[Browser is:chrome]]>
    </line>
    <line>
      <![CDATA[Set ITO:10]]>
    </line>
    <line>
      <![CDATA[Enter the URL:https://opensource-demo.orangehrmlive.com/]]>
    </line>
    <line>
      <![CDATA[Maximize the browser]]>
    </line>
    <line>
      <![CDATA[Set ETO:9]]>
    </line>
    <line>
      <![CDATA[Close the browser]]>
    </line>
  </reporter-output>
  <suite started-at="2023-11-08T12:18:20 IST" name="Suite" finished-at="2023-11-08T12:18:51 IST" duration-ms="30328">
    <groups>
    </groups>
    <test started-at="2023-11-08T12:18:20 IST" name="Test" finished-at="2023-11-08T12:18:51 IST" duration-ms="30328">
      <class name="script.InvalidLogin">
        <test-method is-config="true" signature="preCondition(java.lang.String,java.lang.String,java.lang.String,java.lang.String,java.lang.String,java.lang.String)[pri:0, instance:script.InvalidLogin@72967906]" started-at="2023-11-08T12:18:20 IST" name="preCondition" finished-at="2023-11-08T12:18:33 IST" duration-ms="12826" status="PASS">
          <params>
            <param index="0">
              <value>
                <![CDATA[no]]>
              </value>
            </param>
            <param index="1">
              <value>
                <![CDATA[http://192.168.1.5:4444]]>
              </value>
            </param>
            <param index="2">
              <value>
                <![CDATA[chrome]]>
              </value>
            </param>
            <param index="3">
              <value>
                <![CDATA[https://opensource-demo.orangehrmlive.com/]]>
              </value>
            </param>
            <param index="4">
              <value>
                <![CDATA[10]]>
              </value>
            </param>
            <param index="5">
              <value>
                <![CDATA[9]]>
              </value>
            </param>
          </params>
          <reporter-output>
            <line>
              <![CDATA[Execute in Grid:no]]>
            </line>
            <line>
              <![CDATA[Browser is:chrome]]>
            </line>
            <line>
              <![CDATA[Set ITO:10]]>
            </line>
            <line>
              <![CDATA[Enter the URL:https://opensource-demo.orangehrmlive.com/]]>
            </line>
            <line>
              <![CDATA[Maximize the browser]]>
            </line>
            <line>
              <![CDATA[Set ETO:9]]>
            </line>
          </reporter-output>
        </test-method> <!-- preCondition -->
        <test-method signature="testInvalidLogin()[pri:2, instance:script.InvalidLogin@72967906]" started-at="2023-11-08T12:18:33 IST" name="testInvalidLogin" finished-at="2023-11-08T12:18:38 IST" duration-ms="4544" status="PASS">
          <reporter-output>
          </reporter-output>
        </test-method> <!-- testInvalidLogin -->
        <test-method is-config="true" signature="postCondition(org.testng.ITestResult)[pri:0, instance:script.InvalidLogin@72967906]" started-at="2023-11-08T12:18:38 IST" name="postCondition" finished-at="2023-11-08T12:18:38 IST" duration-ms="380" status="PASS">
          <params>
            <param index="0">
              <value>
                <![CDATA[[TestResult name=testInvalidLogin status=SUCCESS method=InvalidLogin.testInvalidLogin()[pri:2, instance:script.InvalidLogin@72967906] output={null}]]]>
              </value>
            </param>
          </params>
          <reporter-output>
            <line>
              <![CDATA[Close the browser]]>
            </line>
          </reporter-output>
        </test-method> <!-- postCondition -->
      </class> <!-- script.InvalidLogin -->
      <class name="script.ValidLogin">
        <test-method is-config="true" signature="preCondition(java.lang.String,java.lang.String,java.lang.String,java.lang.String,java.lang.String,java.lang.String)[pri:0, instance:script.ValidLogin@55182842]" started-at="2023-11-08T12:18:38 IST" name="preCondition" finished-at="2023-11-08T12:18:47 IST" duration-ms="8578" status="PASS">
          <params>
            <param index="0">
              <value>
                <![CDATA[no]]>
              </value>
            </param>
            <param index="1">
              <value>
                <![CDATA[http://192.168.1.5:4444]]>
              </value>
            </param>
            <param index="2">
              <value>
                <![CDATA[chrome]]>
              </value>
            </param>
            <param index="3">
              <value>
                <![CDATA[https://opensource-demo.orangehrmlive.com/]]>
              </value>
            </param>
            <param index="4">
              <value>
                <![CDATA[10]]>
              </value>
            </param>
            <param index="5">
              <value>
                <![CDATA[9]]>
              </value>
            </param>
          </params>
          <reporter-output>
            <line>
              <![CDATA[Execute in Grid:no]]>
            </line>
            <line>
              <![CDATA[Browser is:chrome]]>
            </line>
            <line>
              <![CDATA[Set ITO:10]]>
            </line>
            <line>
              <![CDATA[Enter the URL:https://opensource-demo.orangehrmlive.com/]]>
            </line>
            <line>
              <![CDATA[Maximize the browser]]>
            </line>
            <line>
              <![CDATA[Set ETO:9]]>
            </line>
          </reporter-output>
        </test-method> <!-- preCondition -->
        <test-method signature="testValidLogin()[pri:1, instance:script.ValidLogin@55182842]" started-at="2023-11-08T12:18:47 IST" name="testValidLogin" finished-at="2023-11-08T12:18:50 IST" duration-ms="3335" status="PASS">
          <reporter-output>
          </reporter-output>
        </test-method> <!-- testValidLogin -->
        <test-method is-config="true" signature="postCondition(org.testng.ITestResult)[pri:0, instance:script.ValidLogin@55182842]" started-at="2023-11-08T12:18:50 IST" name="postCondition" finished-at="2023-11-08T12:18:51 IST" duration-ms="545" status="PASS">
          <params>
            <param index="0">
              <value>
                <![CDATA[[TestResult name=testValidLogin status=SUCCESS method=ValidLogin.testValidLogin()[pri:1, instance:script.ValidLogin@55182842] output={null}]]]>
              </value>
            </param>
          </params>
          <reporter-output>
            <line>
              <![CDATA[Close the browser]]>
            </line>
          </reporter-output>
        </test-method> <!-- postCondition -->
      </class> <!-- script.ValidLogin -->
    </test> <!-- Test -->
  </suite> <!-- Suite -->
</testng-results>
